 Container nova-v2-agent-09-illustration-jury Running 
 Container nova-v2-agent-14-blender-baker Running 
 Container nova-v2-agent-20 Running 
 Container nova-v2-agent-21-freecad-parametric Running 
 Container nova-v2-agent-17-error-handler Running 
 Container nova-v2-agent-18-prompt-director Running 
 Container nova-v2-agent-29-elevenlabs Running 
 Container nova-v2-agent-12-bake-orchestrator Running 
 Container nova-v2-agent-07-narrative-jury Running 
 Container nova-v2-agent-11-monitor Running 
 Container nova-v2-agent-13-pdok-downloader Running 
 Container nova-v2-agent-32-grass-gis Running 
 Container nova-v2-agent-10-game-balance-jury Running 
 Container nova-v2-agent-28-story-integration Running 
 Container nova-v2-agent-19-distribution Running 
 Container nova-v2-agent-25-pyqt-assembly Running 
 Container nova-v2-agent-05-gis-jury Running 
 Container nova-v2-agent-02 Running 
 Container nova-v2-redis Running 
 Container nova-v2-minio Running 
 Container nova-v2-agent-22-blender-renderer Running 
 Container nova-v2-postgres Running 
 Container nova-v2-n8n-main Running 
 Container nova-v2-n8n-worker-1 Running 
 Container nova-v2-agent-24-aseprite-anim-jury Running 
 Container nova-v2-agent-06-cad-jury Running 
 Container nova-v2-agent-31-qgis-analysis Running 
 Container nova-v2-agent-16-cost-guard Running 
 Container nova-v2-agent-03-audio-jury Running 
 Container nova-v2-n8n-webhook Running 
 Container nova-v2-sprite-jury Running 
 Container nova-v2-agent-30-audio-asset-jury Running 
 Container nova-v2-agent-23-aseprite-processor Running 
 Container nova-v2-agent-27-storyboard Running 
 Container nova-v2-agent-35-raster-2d Running 
 Container nova-v2-agent-04-3d-model-jury Running 
 Container nova-v2-agent-15-qgis-processor Running 
 Container nova-v2-agent-08-character-art-jury Running 
 Container nova-v2-agent-26-godot-import Running 
 Container nova-v2-qdrant Running 
 Container nova-v2-postgres Waiting 
 Container nova-v2-redis Waiting 
 Container nova-v2-redis Healthy 
 Container nova-v2-postgres Healthy 
